1586244853.819845
1586244854.821016
1586244855.822231
1586244856.823442
1586244857.824644
1586244858.825843
1586244859.827040
1586244860.828242
1586244861.829475
1586244862.830751
1586244863.831946
1586244864.833153
1586244865.834361
1586244866.835569
1586244946.032816
1586244947.034030
1586244948.035219
1586244949.036411
1586244950.037596
1586244951.038785
1586244952.039960
1586245825.301800
1586245826.303010
1586245827.304218
1586245828.305447
1586245829.306760
1586245830.307959
1586245831.309099
